2024-03-27 20:08:11.768 INFO  org.springframework.test.context.support.AnnotationConfigContextLoaderUtils - Could not detect default configuration classes for test class [com.example.demo.StringOperationUtilsTest]: StringOperationUtilsTest does not declare any static, non-private, non-final, nested classes annotated with @Configuration.
2024-03-27 20:08:11.821 INFO  org.springframework.boot.test.context.SpringBootTestContextBootstrapper - Found @SpringBootConfiguration com.example.demo.DemoForStringOperationUtilsApplication for test class com.example.demo.StringOperationUtilsTest
2024-03-27 20:08:12.060 INFO  com.example.demo.StringOperationUtilsTest - Starting StringOperationUtilsTest using Java 17.0.6 with PID 25788 (started by wangxiao in /Users/wangxiao/software/project/demo)
2024-03-27 20:08:12.061 INFO  com.example.demo.StringOperationUtilsTest - No active profile set, falling back to 1 default profile: "default"
2024-03-27 20:08:12.323 INFO  com.example.demo.StringOperationUtilsTest - Started StringOperationUtilsTest in 0.423 seconds (process running for 1.105)
2024-03-27 20:08:12.884 INFO  com.example.demo.StringOperationUtils - input string: aabcccbbad
2024-03-27 20:08:12.885 INFO  com.example.demo.StringOperationUtils - output1: aabcccbbad
2024-03-27 20:08:12.885 INFO  com.example.demo.StringOperationUtils - output2: aabcccbbad
2024-03-27 20:08:12.885 INFO  com.example.demo.StringOperationUtils - output3: aabcccbbad
2024-03-27 20:08:12.885 INFO  com.example.demo.StringOperationUtils - final output: d
2024-03-27 20:08:12.887 INFO  com.example.demo.StringOperationUtils - input string: 
2024-03-27 20:08:12.887 INFO  com.example.demo.StringOperationUtils - final output: 
2024-03-27 20:08:12.887 INFO  com.example.demo.StringOperationUtils - input string: aa
2024-03-27 20:08:12.887 INFO  com.example.demo.StringOperationUtils - final output: aa
2024-03-27 20:08:12.887 INFO  com.example.demo.StringOperationUtils - input string: aaa
2024-03-27 20:08:12.887 INFO  com.example.demo.StringOperationUtils - output1: aaa
2024-03-27 20:08:12.888 INFO  com.example.demo.StringOperationUtils - final output: 
2024-03-27 20:08:12.898 INFO  org.springframework.test.context.support.AnnotationConfigContextLoaderUtils - Could not detect default configuration classes for test class [com.example.demo.DemoForStringOperationUtilsApplicationTests]: DemoForStringOperationUtilsApplicationTests does not declare any static, non-private, non-final, nested classes annotated with @Configuration.
2024-03-27 20:08:12.899 INFO  org.springframework.boot.test.context.SpringBootTestContextBootstrapper - Found @SpringBootConfiguration com.example.demo.DemoForStringOperationUtilsApplication for test class com.example.demo.DemoForStringOperationUtilsApplicationTests
2024-03-27 20:08:42.312 INFO  org.springframework.test.context.support.AnnotationConfigContextLoaderUtils - Could not detect default configuration classes for test class [com.example.demo.StringOperationUtilsTest]: StringOperationUtilsTest does not declare any static, non-private, non-final, nested classes annotated with @Configuration.
2024-03-27 20:08:42.372 INFO  org.springframework.boot.test.context.SpringBootTestContextBootstrapper - Found @SpringBootConfiguration com.example.demo.DemoForStringOperationUtilsApplication for test class com.example.demo.StringOperationUtilsTest
2024-03-27 20:08:42.600 INFO  com.example.demo.StringOperationUtilsTest - Starting StringOperationUtilsTest using Java 17.0.6 with PID 25835 (started by wangxiao in /Users/wangxiao/software/project/demo)
2024-03-27 20:08:42.600 INFO  com.example.demo.StringOperationUtilsTest - No active profile set, falling back to 1 default profile: "default"
2024-03-27 20:08:42.904 INFO  com.example.demo.StringOperationUtilsTest - Started StringOperationUtilsTest in 0.444 seconds (process running for 1.274)
2024-03-27 20:08:43.471 INFO  com.example.demo.StringOperationUtils - input string: aabcccbbad
2024-03-27 20:08:43.471 INFO  com.example.demo.StringOperationUtils - output1: aabcccbbad
2024-03-27 20:08:43.471 INFO  com.example.demo.StringOperationUtils - output2: aabcccbbad
2024-03-27 20:08:43.471 INFO  com.example.demo.StringOperationUtils - output3: aabcccbbad
2024-03-27 20:08:43.472 INFO  com.example.demo.StringOperationUtils - final output: d
2024-03-27 20:08:43.476 INFO  com.example.demo.StringOperationUtils - input string: 
2024-03-27 20:08:43.476 INFO  com.example.demo.StringOperationUtils - final output: 
2024-03-27 20:08:43.476 INFO  com.example.demo.StringOperationUtils - input string: aa
2024-03-27 20:08:43.476 INFO  com.example.demo.StringOperationUtils - final output: aa
2024-03-27 20:08:43.476 INFO  com.example.demo.StringOperationUtils - input string: aaa
2024-03-27 20:08:43.477 INFO  com.example.demo.StringOperationUtils - output1: aaa
2024-03-27 20:08:43.477 INFO  com.example.demo.StringOperationUtils - final output: 
2024-03-27 20:11:43.713 INFO  org.springframework.test.context.support.AnnotationConfigContextLoaderUtils - Could not detect default configuration classes for test class [com.example.demo.StringOperationUtilsTest]: StringOperationUtilsTest does not declare any static, non-private, non-final, nested classes annotated with @Configuration.
2024-03-27 20:11:43.774 INFO  org.springframework.boot.test.context.SpringBootTestContextBootstrapper - Found @SpringBootConfiguration com.example.demo.DemoForStringOperationUtilsApplication for test class com.example.demo.StringOperationUtilsTest
2024-03-27 20:11:43.984 INFO  com.example.demo.StringOperationUtilsTest - Starting StringOperationUtilsTest using Java 17.0.6 with PID 25927 (started by wangxiao in /Users/wangxiao/software/project/demo)
2024-03-27 20:11:43.985 INFO  com.example.demo.StringOperationUtilsTest - No active profile set, falling back to 1 default profile: "default"
2024-03-27 20:11:44.258 INFO  com.example.demo.StringOperationUtilsTest - Started StringOperationUtilsTest in 0.398 seconds (process running for 1.212)
2024-03-27 20:11:44.797 INFO  com.example.demo.StringOperationUtils - input string: aabcccbbad
2024-03-27 20:11:44.798 INFO  com.example.demo.StringOperationUtils - output1: aabcccbbad
2024-03-27 20:11:44.798 INFO  com.example.demo.StringOperationUtils - output2: aabcccbbad
2024-03-27 20:11:44.798 INFO  com.example.demo.StringOperationUtils - output3: aabcccbbad
2024-03-27 20:11:44.798 INFO  com.example.demo.StringOperationUtils - final output: d
2024-03-27 20:11:44.801 INFO  com.example.demo.StringOperationUtils - input string: 
2024-03-27 20:11:44.802 INFO  com.example.demo.StringOperationUtils - final output: 
2024-03-27 20:11:44.802 INFO  com.example.demo.StringOperationUtils - input string: aa
2024-03-27 20:11:44.802 INFO  com.example.demo.StringOperationUtils - final output: aa
2024-03-27 20:11:44.802 INFO  com.example.demo.StringOperationUtils - input string: aaa
2024-03-27 20:11:44.802 INFO  com.example.demo.StringOperationUtils - output1: aaa
2024-03-27 20:11:44.802 INFO  com.example.demo.StringOperationUtils - final output: 
2024-03-27 20:13:09.285 INFO  org.springframework.test.context.support.AnnotationConfigContextLoaderUtils - Could not detect default configuration classes for test class [com.example.demo.StringOperationUtilsTest]: StringOperationUtilsTest does not declare any static, non-private, non-final, nested classes annotated with @Configuration.
2024-03-27 20:13:09.341 INFO  org.springframework.boot.test.context.SpringBootTestContextBootstrapper - Found @SpringBootConfiguration com.example.demo.DemoForStringOperationUtilsApplication for test class com.example.demo.StringOperationUtilsTest
2024-03-27 20:13:09.541 INFO  com.example.demo.StringOperationUtilsTest - Starting StringOperationUtilsTest using Java 17.0.6 with PID 25976 (started by wangxiao in /Users/wangxiao/software/project/demo)
2024-03-27 20:13:09.541 INFO  com.example.demo.StringOperationUtilsTest - No active profile set, falling back to 1 default profile: "default"
2024-03-27 20:13:09.814 INFO  com.example.demo.StringOperationUtilsTest - Started StringOperationUtilsTest in 0.396 seconds (process running for 1.067)
2024-03-27 20:13:10.338 INFO  com.example.demo.StringOperationUtils - input string: aabcccbbad
2024-03-27 20:13:10.339 INFO  com.example.demo.StringOperationUtils - output1: aabcccbbad
2024-03-27 20:13:10.339 INFO  com.example.demo.StringOperationUtils - output2: aabcccbbad
2024-03-27 20:13:10.339 INFO  com.example.demo.StringOperationUtils - output3: aabcccbbad
2024-03-27 20:13:10.339 INFO  com.example.demo.StringOperationUtils - final output: d
2024-03-27 20:13:10.344 INFO  com.example.demo.StringOperationUtils - input string: 
2024-03-27 20:13:10.344 INFO  com.example.demo.StringOperationUtils - final output: 
2024-03-27 20:13:10.344 INFO  com.example.demo.StringOperationUtils - input string: aa
2024-03-27 20:13:10.344 INFO  com.example.demo.StringOperationUtils - final output: aa
2024-03-27 20:13:10.344 INFO  com.example.demo.StringOperationUtils - input string: aaa
2024-03-27 20:13:10.344 INFO  com.example.demo.StringOperationUtils - output1: aaa
2024-03-27 20:13:10.344 INFO  com.example.demo.StringOperationUtils - final output: 
2024-03-27 20:17:09.642 INFO  org.springframework.test.context.support.AnnotationConfigContextLoaderUtils - Could not detect default configuration classes for test class [com.example.demo.StringOperationUtilsTest]: StringOperationUtilsTest does not declare any static, non-private, non-final, nested classes annotated with @Configuration.
2024-03-27 20:17:09.699 INFO  org.springframework.boot.test.context.SpringBootTestContextBootstrapper - Found @SpringBootConfiguration com.example.demo.DemoForStringOperationUtilsApplication for test class com.example.demo.StringOperationUtilsTest
2024-03-27 20:17:09.918 INFO  com.example.demo.StringOperationUtilsTest - Starting StringOperationUtilsTest using Java 17.0.6 with PID 26136 (started by wangxiao in /Users/wangxiao/software/project/demo)
2024-03-27 20:17:09.919 INFO  com.example.demo.StringOperationUtilsTest - No active profile set, falling back to 1 default profile: "default"
2024-03-27 20:17:10.191 INFO  com.example.demo.StringOperationUtilsTest - Started StringOperationUtilsTest in 0.4 seconds (process running for 1.162)
2024-03-27 20:17:10.808 INFO  com.example.demo.StringOperationUtils - input string: aabcccbbad
2024-03-27 20:17:10.808 INFO  com.example.demo.StringOperationUtils - output1: aabcccbbad
2024-03-27 20:17:10.809 INFO  com.example.demo.StringOperationUtils - output2: aabcccbbad
2024-03-27 20:17:10.809 INFO  com.example.demo.StringOperationUtils - output3: aabcccbbad
2024-03-27 20:17:10.809 INFO  com.example.demo.StringOperationUtils - final output: d
2024-03-27 20:17:10.812 INFO  com.example.demo.StringOperationUtils - input string: 
2024-03-27 20:17:10.812 INFO  com.example.demo.StringOperationUtils - final output: 
2024-03-27 20:17:10.812 INFO  com.example.demo.StringOperationUtils - input string: aa
2024-03-27 20:17:10.812 INFO  com.example.demo.StringOperationUtils - final output: aa
2024-03-27 20:17:10.812 INFO  com.example.demo.StringOperationUtils - input string: aaa
2024-03-27 20:17:10.812 INFO  com.example.demo.StringOperationUtils - output1: aaa
2024-03-27 20:17:10.812 INFO  com.example.demo.StringOperationUtils - final output: 
2024-03-27 20:18:15.148 INFO  org.springframework.test.context.support.AnnotationConfigContextLoaderUtils - Could not detect default configuration classes for test class [com.example.demo.StringOperationUtilsTest]: StringOperationUtilsTest does not declare any static, non-private, non-final, nested classes annotated with @Configuration.
2024-03-27 20:18:15.269 INFO  org.springframework.boot.test.context.SpringBootTestContextBootstrapper - Found @SpringBootConfiguration com.example.demo.DemoForStringOperationUtilsApplication for test class com.example.demo.StringOperationUtilsTest
2024-03-27 20:18:15.794 INFO  com.example.demo.StringOperationUtilsTest - Starting StringOperationUtilsTest using Java 17.0.6 with PID 26342 (started by wangxiao in /Users/wangxiao/software/project/demo)
2024-03-27 20:18:15.795 INFO  com.example.demo.StringOperationUtilsTest - No active profile set, falling back to 1 default profile: "default"
2024-03-27 20:18:16.619 INFO  com.example.demo.StringOperationUtilsTest - Started StringOperationUtilsTest in 1.027 seconds (process running for 2.713)
2024-03-27 20:18:17.807 INFO  com.example.demo.StringOperationUtils - input string: aabcccbbad
2024-03-27 20:18:17.811 INFO  com.example.demo.StringOperationUtils - output1: aabcccbbad
2024-03-27 20:18:17.812 INFO  com.example.demo.StringOperationUtils - output2: aabcccbbad
2024-03-27 20:18:17.812 INFO  com.example.demo.StringOperationUtils - output3: aabcccbbad
2024-03-27 20:18:17.812 INFO  com.example.demo.StringOperationUtils - final output: d
2024-03-27 20:18:17.816 INFO  com.example.demo.StringOperationUtils - input string: 
2024-03-27 20:18:17.817 INFO  com.example.demo.StringOperationUtils - final output: 
2024-03-27 20:18:17.817 INFO  com.example.demo.StringOperationUtils - input string: aa
2024-03-27 20:18:17.817 INFO  com.example.demo.StringOperationUtils - final output: aa
2024-03-27 20:18:17.817 INFO  com.example.demo.StringOperationUtils - input string: aaa
2024-03-27 20:18:17.817 INFO  com.example.demo.StringOperationUtils - output1: aaa
2024-03-27 20:18:17.817 INFO  com.example.demo.StringOperationUtils - final output: 
2024-03-27 20:20:05.231 INFO  org.springframework.test.context.support.AnnotationConfigContextLoaderUtils - Could not detect default configuration classes for test class [com.example.demo.StringOperationUtilsTest]: StringOperationUtilsTest does not declare any static, non-private, non-final, nested classes annotated with @Configuration.
2024-03-27 20:20:05.295 INFO  org.springframework.boot.test.context.SpringBootTestContextBootstrapper - Found @SpringBootConfiguration com.example.demo.DemoForStringOperationUtilsApplication for test class com.example.demo.StringOperationUtilsTest
2024-03-27 20:20:05.517 INFO  com.example.demo.StringOperationUtilsTest - Starting StringOperationUtilsTest using Java 17.0.6 with PID 26411 (started by wangxiao in /Users/wangxiao/software/project/demo)
2024-03-27 20:20:05.518 INFO  com.example.demo.StringOperationUtilsTest - No active profile set, falling back to 1 default profile: "default"
2024-03-27 20:20:05.806 INFO  com.example.demo.StringOperationUtilsTest - Started StringOperationUtilsTest in 0.415 seconds (process running for 1.216)
2024-03-27 20:20:06.371 INFO  com.example.demo.StringOperationUtils - input string: aabcccbbad
2024-03-27 20:20:06.372 INFO  com.example.demo.StringOperationUtils - output1: aabcccbbad
2024-03-27 20:20:06.372 INFO  com.example.demo.StringOperationUtils - output2: aabcccbbad
2024-03-27 20:20:06.372 INFO  com.example.demo.StringOperationUtils - output3: aabcccbbad
2024-03-27 20:20:06.372 INFO  com.example.demo.StringOperationUtils - final output: d
2024-03-27 20:20:06.376 INFO  com.example.demo.StringOperationUtils - input string: 
2024-03-27 20:20:06.376 INFO  com.example.demo.StringOperationUtils - final output: 
2024-03-27 20:20:06.376 INFO  com.example.demo.StringOperationUtils - input string: aa
2024-03-27 20:20:06.376 INFO  com.example.demo.StringOperationUtils - final output: aa
2024-03-27 20:20:06.376 INFO  com.example.demo.StringOperationUtils - input string: aaa
2024-03-27 20:20:06.376 INFO  com.example.demo.StringOperationUtils - output1: aaa
2024-03-27 20:20:06.376 INFO  com.example.demo.StringOperationUtils - final output: 
2024-03-27 20:21:46.572 INFO  org.springframework.test.context.support.AnnotationConfigContextLoaderUtils - Could not detect default configuration classes for test class [com.example.demo.StringOperationUtilsTest]: StringOperationUtilsTest does not declare any static, non-private, non-final, nested classes annotated with @Configuration.
2024-03-27 20:21:46.626 INFO  org.springframework.boot.test.context.SpringBootTestContextBootstrapper - Found @SpringBootConfiguration com.example.demo.DemoForStringOperationUtilsApplication for test class com.example.demo.StringOperationUtilsTest
2024-03-27 20:21:46.857 INFO  com.example.demo.StringOperationUtilsTest - Starting StringOperationUtilsTest using Java 17.0.6 with PID 26479 (started by wangxiao in /Users/wangxiao/software/project/demo)
2024-03-27 20:21:46.858 INFO  com.example.demo.StringOperationUtilsTest - No active profile set, falling back to 1 default profile: "default"
2024-03-27 20:21:47.166 INFO  com.example.demo.StringOperationUtilsTest - Started StringOperationUtilsTest in 0.453 seconds (process running for 1.186)
2024-03-27 20:21:47.717 INFO  com.example.demo.StringOperationUtils - input string: aabcccbbad
2024-03-27 20:21:47.718 INFO  com.example.demo.StringOperationUtils - output1: aabcccbbad
2024-03-27 20:21:47.718 INFO  com.example.demo.StringOperationUtils - output2: aabcccbbad
2024-03-27 20:21:47.718 INFO  com.example.demo.StringOperationUtils - output3: aabcccbbad
2024-03-27 20:21:47.718 INFO  com.example.demo.StringOperationUtils - final output: d
2024-03-27 20:21:47.721 INFO  com.example.demo.StringOperationUtils - input string: 
2024-03-27 20:21:47.721 INFO  com.example.demo.StringOperationUtils - final output: 
2024-03-27 20:21:47.721 INFO  com.example.demo.StringOperationUtils - input string: aa
2024-03-27 20:21:47.721 INFO  com.example.demo.StringOperationUtils - final output: aa
2024-03-27 20:21:47.721 INFO  com.example.demo.StringOperationUtils - input string: aaa
2024-03-27 20:21:47.721 INFO  com.example.demo.StringOperationUtils - output1: aaa
2024-03-27 20:21:47.721 INFO  com.example.demo.StringOperationUtils - final output: 
2024-03-27 20:25:25.886 INFO  org.springframework.test.context.support.AnnotationConfigContextLoaderUtils - Could not detect default configuration classes for test class [com.example.demo.StringOperationUtilsTest]: StringOperationUtilsTest does not declare any static, non-private, non-final, nested classes annotated with @Configuration.
2024-03-27 20:25:25.946 INFO  org.springframework.boot.test.context.SpringBootTestContextBootstrapper - Found @SpringBootConfiguration com.example.demo.DemoForStringOperationUtilsApplication for test class com.example.demo.StringOperationUtilsTest
2024-03-27 20:25:26.188 INFO  com.example.demo.StringOperationUtilsTest - Starting StringOperationUtilsTest using Java 17.0.6 with PID 26697 (started by wangxiao in /Users/wangxiao/software/project/demo)
2024-03-27 20:25:26.189 INFO  com.example.demo.StringOperationUtilsTest - No active profile set, falling back to 1 default profile: "default"
2024-03-27 20:25:26.498 INFO  com.example.demo.StringOperationUtilsTest - Started StringOperationUtilsTest in 0.466 seconds (process running for 1.254)
2024-03-27 20:25:27.088 INFO  com.example.demo.StringOperationUtils - input string: aabcccbbad
2024-03-27 20:25:27.089 INFO  com.example.demo.StringOperationUtils - output1: aabcccbbad
2024-03-27 20:25:27.089 INFO  com.example.demo.StringOperationUtils - output2: aabcccbbad
2024-03-27 20:25:27.089 INFO  com.example.demo.StringOperationUtils - output3: aabcccbbad
2024-03-27 20:25:27.089 INFO  com.example.demo.StringOperationUtils - final output: d
2024-03-27 20:25:27.091 INFO  com.example.demo.StringOperationUtils - input string: 
2024-03-27 20:25:27.091 INFO  com.example.demo.StringOperationUtils - final output: 
2024-03-27 20:25:27.091 INFO  com.example.demo.StringOperationUtils - input string: aa
2024-03-27 20:25:27.091 INFO  com.example.demo.StringOperationUtils - final output: aa
2024-03-27 20:25:27.091 INFO  com.example.demo.StringOperationUtils - input string: aaa
2024-03-27 20:25:27.091 INFO  com.example.demo.StringOperationUtils - output1: aaa
2024-03-27 20:25:27.091 INFO  com.example.demo.StringOperationUtils - final output: 
2024-03-27 20:25:27.102 INFO  org.springframework.test.context.support.AnnotationConfigContextLoaderUtils - Could not detect default configuration classes for test class [com.example.demo.DemoForStringOperationUtilsApplicationTests]: DemoForStringOperationUtilsApplicationTests does not declare any static, non-private, non-final, nested classes annotated with @Configuration.
2024-03-27 20:25:27.104 INFO  org.springframework.boot.test.context.SpringBootTestContextBootstrapper - Found @SpringBootConfiguration com.example.demo.DemoForStringOperationUtilsApplication for test class com.example.demo.DemoForStringOperationUtilsApplicationTests
2024-03-27 20:27:36.016 INFO  org.springframework.test.context.support.AnnotationConfigContextLoaderUtils - Could not detect default configuration classes for test class [com.example.demo.StringOperationUtilsTest]: StringOperationUtilsTest does not declare any static, non-private, non-final, nested classes annotated with @Configuration.
2024-03-27 20:27:36.066 INFO  org.springframework.boot.test.context.SpringBootTestContextBootstrapper - Found @SpringBootConfiguration com.example.demo.DemoForStringOperationUtilsApplication for test class com.example.demo.StringOperationUtilsTest
2024-03-27 20:27:36.275 INFO  com.example.demo.StringOperationUtilsTest - Starting StringOperationUtilsTest using Java 17.0.6 with PID 26800 (started by wangxiao in /Users/wangxiao/software/project/demo)
2024-03-27 20:27:36.276 INFO  com.example.demo.StringOperationUtilsTest - No active profile set, falling back to 1 default profile: "default"
2024-03-27 20:27:36.541 INFO  com.example.demo.StringOperationUtilsTest - Started StringOperationUtilsTest in 0.387 seconds (process running for 1.131)
2024-03-27 20:27:37.140 INFO  com.example.demo.StringOperationUtils - input string: aabcccbbad
2024-03-27 20:27:37.141 INFO  com.example.demo.StringOperationUtils - output1: aabcccbbad
2024-03-27 20:27:37.141 INFO  com.example.demo.StringOperationUtils - output2: aabcccbbad
2024-03-27 20:27:37.141 INFO  com.example.demo.StringOperationUtils - output3: aabcccbbad
2024-03-27 20:27:37.141 INFO  com.example.demo.StringOperationUtils - final output: d
2024-03-27 20:27:37.143 INFO  com.example.demo.StringOperationUtils - input string: 
2024-03-27 20:27:37.143 INFO  com.example.demo.StringOperationUtils - final output: 
2024-03-27 20:27:37.143 INFO  com.example.demo.StringOperationUtils - input string: aa
2024-03-27 20:27:37.143 INFO  com.example.demo.StringOperationUtils - final output: aa
2024-03-27 20:27:37.143 INFO  com.example.demo.StringOperationUtils - input string: aaa
2024-03-27 20:27:37.143 INFO  com.example.demo.StringOperationUtils - output1: aaa
2024-03-27 20:27:37.143 INFO  com.example.demo.StringOperationUtils - final output: 
2024-03-27 20:27:37.155 INFO  com.example.demo.StringOperationUtils - input string: abcccbad
2024-03-27 20:27:37.155 INFO  com.example.demo.StringOperationUtils - output1: abcccbad
2024-03-27 20:27:37.155 INFO  com.example.demo.StringOperationUtils - final output: abbad
2024-03-27 20:28:24.183 INFO  com.example.demo.StringOperationUtils - input string: abcccbad
2024-03-27 20:28:24.185 INFO  com.example.demo.StringOperationUtils - output1: abcccbad
2024-03-27 20:28:24.185 INFO  com.example.demo.StringOperationUtils - output2: abcccbad
2024-03-27 20:28:24.185 INFO  com.example.demo.StringOperationUtils - output3: abcccbad
2024-03-27 20:28:24.185 INFO  com.example.demo.StringOperationUtils - final output: ad
2024-03-27 20:28:24.185 INFO  com.example.demo.StringOperationUtils - ad
2024-03-27 20:28:59.365 INFO  com.example.demo.StringOperationUtils - input string: abcccbad
2024-03-27 20:30:08.273 INFO  com.example.demo.StringOperationUtils - output1: abcccbad
2024-03-27 20:30:54.668 INFO  com.example.demo.StringOperationUtils - output2: abcccbad
2024-03-27 20:31:06.240 INFO  com.example.demo.StringOperationUtils - output3: abcccbad
2024-03-27 20:31:12.406 INFO  com.example.demo.StringOperationUtils - final output: ad
2024-03-27 20:31:12.408 INFO  com.example.demo.StringOperationUtils - ad
2024-03-27 20:31:51.367 INFO  com.example.demo.StringOperationUtils - input string: abcccbad
2024-03-27 20:31:51.368 INFO  com.example.demo.StringOperationUtils - output1: abbbad
2024-03-27 20:31:51.368 INFO  com.example.demo.StringOperationUtils - output2: aaad
2024-03-27 20:31:51.368 INFO  com.example.demo.StringOperationUtils - output3: ad
2024-03-27 20:31:51.368 INFO  com.example.demo.StringOperationUtils - final output: ad
2024-03-27 20:31:51.368 INFO  com.example.demo.StringOperationUtils - ad
2024-03-27 20:37:53.564 INFO  com.example.demo.StringOperationUtils - input string: abcccbad
2024-03-27 20:37:53.565 INFO  com.example.demo.StringOperationUtils - output1: abbbad
2024-03-27 20:37:53.565 INFO  com.example.demo.StringOperationUtils - output2: aaad
2024-03-27 20:37:53.566 INFO  com.example.demo.StringOperationUtils - output3: d
2024-03-27 20:37:53.566 INFO  com.example.demo.StringOperationUtils - final output: d
2024-03-27 20:37:53.566 INFO  com.example.demo.StringOperationUtils - d
2024-03-27 20:38:10.526 INFO  org.springframework.test.context.support.AnnotationConfigContextLoaderUtils - Could not detect default configuration classes for test class [com.example.demo.StringOperationUtilsTest]: StringOperationUtilsTest does not declare any static, non-private, non-final, nested classes annotated with @Configuration.
2024-03-27 20:38:10.586 INFO  org.springframework.boot.test.context.SpringBootTestContextBootstrapper - Found @SpringBootConfiguration com.example.demo.DemoForStringOperationUtilsApplication for test class com.example.demo.StringOperationUtilsTest
2024-03-27 20:38:10.795 INFO  com.example.demo.StringOperationUtilsTest - Starting StringOperationUtilsTest using Java 17.0.6 with PID 27552 (started by wangxiao in /Users/wangxiao/software/project/demo)
2024-03-27 20:38:10.796 INFO  com.example.demo.StringOperationUtilsTest - No active profile set, falling back to 1 default profile: "default"
2024-03-27 20:38:11.076 INFO  com.example.demo.StringOperationUtilsTest - Started StringOperationUtilsTest in 0.396 seconds (process running for 1.13)
2024-03-27 20:38:11.645 INFO  com.example.demo.StringOperationUtils - input string: aabcccbbad
2024-03-27 20:38:11.646 INFO  com.example.demo.StringOperationUtils - output1: aabcccbbad
2024-03-27 20:38:11.646 INFO  com.example.demo.StringOperationUtils - output2: aabcccbbad
2024-03-27 20:38:11.646 INFO  com.example.demo.StringOperationUtils - output3: aabcccbbad
2024-03-27 20:38:11.646 INFO  com.example.demo.StringOperationUtils - final output: d
2024-03-27 20:38:11.649 INFO  com.example.demo.StringOperationUtils - input string: 
2024-03-27 20:38:11.649 INFO  com.example.demo.StringOperationUtils - final output: 
2024-03-27 20:38:11.649 INFO  com.example.demo.StringOperationUtils - input string: aa
2024-03-27 20:38:11.651 INFO  com.example.demo.StringOperationUtils - final output: aa
2024-03-27 20:38:11.651 INFO  com.example.demo.StringOperationUtils - input string: aaa
2024-03-27 20:38:11.651 INFO  com.example.demo.StringOperationUtils - output1: aaa
2024-03-27 20:38:11.651 INFO  com.example.demo.StringOperationUtils - final output: 
2024-03-27 20:38:11.659 INFO  com.example.demo.StringOperationUtils - input string: abcccbad
2024-03-27 20:38:11.659 INFO  com.example.demo.StringOperationUtils - output1: abcccbad
2024-03-27 20:38:11.659 INFO  com.example.demo.StringOperationUtils - final output: abbad
2024-03-27 20:38:51.350 INFO  org.springframework.test.context.support.AnnotationConfigContextLoaderUtils - Could not detect default configuration classes for test class [com.example.demo.StringOperationUtilsTest]: StringOperationUtilsTest does not declare any static, non-private, non-final, nested classes annotated with @Configuration.
2024-03-27 20:38:51.403 INFO  org.springframework.boot.test.context.SpringBootTestContextBootstrapper - Found @SpringBootConfiguration com.example.demo.DemoForStringOperationUtilsApplication for test class com.example.demo.StringOperationUtilsTest
2024-03-27 20:38:51.604 INFO  com.example.demo.StringOperationUtilsTest - Starting StringOperationUtilsTest using Java 17.0.6 with PID 27612 (started by wangxiao in /Users/wangxiao/software/project/demo)
2024-03-27 20:38:51.609 INFO  com.example.demo.StringOperationUtilsTest - No active profile set, falling back to 1 default profile: "default"
2024-03-27 20:38:51.862 INFO  com.example.demo.StringOperationUtilsTest - Started StringOperationUtilsTest in 0.384 seconds (process running for 1.078)
2024-03-27 20:38:52.382 INFO  com.example.demo.StringOperationUtils - input string: aabcccbbad
2024-03-27 20:38:52.382 INFO  com.example.demo.StringOperationUtils - output1: aabcccbbad
2024-03-27 20:38:52.382 INFO  com.example.demo.StringOperationUtils - output2: aabcccbbad
2024-03-27 20:38:52.383 INFO  com.example.demo.StringOperationUtils - output3: aabcccbbad
2024-03-27 20:38:52.383 INFO  com.example.demo.StringOperationUtils - final output: d
2024-03-27 20:38:52.384 INFO  com.example.demo.StringOperationUtils - input string: 
2024-03-27 20:38:52.384 INFO  com.example.demo.StringOperationUtils - final output: 
2024-03-27 20:38:52.384 INFO  com.example.demo.StringOperationUtils - input string: aa
2024-03-27 20:38:52.385 INFO  com.example.demo.StringOperationUtils - final output: aa
2024-03-27 20:38:52.385 INFO  com.example.demo.StringOperationUtils - input string: aaa
2024-03-27 20:38:52.385 INFO  com.example.demo.StringOperationUtils - output1: aaa
2024-03-27 20:38:52.385 INFO  com.example.demo.StringOperationUtils - final output: 
2024-03-27 20:38:52.393 INFO  com.example.demo.StringOperationUtils - input string: abcccbad
2024-03-27 20:38:52.393 INFO  com.example.demo.StringOperationUtils - output1: abcccbad
2024-03-27 20:38:52.393 INFO  com.example.demo.StringOperationUtils - final output: abbad
2024-03-27 20:38:52.404 INFO  org.springframework.test.context.support.AnnotationConfigContextLoaderUtils - Could not detect default configuration classes for test class [com.example.demo.DemoForStringOperationUtilsApplicationTests]: DemoForStringOperationUtilsApplicationTests does not declare any static, non-private, non-final, nested classes annotated with @Configuration.
2024-03-27 20:38:52.406 INFO  org.springframework.boot.test.context.SpringBootTestContextBootstrapper - Found @SpringBootConfiguration com.example.demo.DemoForStringOperationUtilsApplication for test class com.example.demo.DemoForStringOperationUtilsApplicationTests
2024-03-27 20:39:32.476 INFO  org.springframework.test.context.support.AnnotationConfigContextLoaderUtils - Could not detect default configuration classes for test class [com.example.demo.StringOperationUtilsTest]: StringOperationUtilsTest does not declare any static, non-private, non-final, nested classes annotated with @Configuration.
2024-03-27 20:39:32.529 INFO  org.springframework.boot.test.context.SpringBootTestContextBootstrapper - Found @SpringBootConfiguration com.example.demo.DemoForStringOperationUtilsApplication for test class com.example.demo.StringOperationUtilsTest
2024-03-27 20:39:32.732 INFO  com.example.demo.StringOperationUtilsTest - Starting StringOperationUtilsTest using Java 17.0.6 with PID 27679 (started by wangxiao in /Users/wangxiao/software/project/demo)
2024-03-27 20:39:32.733 INFO  com.example.demo.StringOperationUtilsTest - No active profile set, falling back to 1 default profile: "default"
2024-03-27 20:39:33.026 INFO  com.example.demo.StringOperationUtilsTest - Started StringOperationUtilsTest in 0.413 seconds (process running for 1.204)
2024-03-27 20:39:33.650 INFO  com.example.demo.StringOperationUtils - input string: aabcccbbad
2024-03-27 20:39:33.650 INFO  com.example.demo.StringOperationUtils - output1: aabcccbbad
2024-03-27 20:39:33.650 INFO  com.example.demo.StringOperationUtils - output2: aabcccbbad
2024-03-27 20:39:33.650 INFO  com.example.demo.StringOperationUtils - output3: aabcccbbad
2024-03-27 20:39:33.650 INFO  com.example.demo.StringOperationUtils - final output: d
2024-03-27 20:39:33.652 INFO  com.example.demo.StringOperationUtils - input string: 
2024-03-27 20:39:33.652 INFO  com.example.demo.StringOperationUtils - final output: 
2024-03-27 20:39:33.652 INFO  com.example.demo.StringOperationUtils - input string: aa
2024-03-27 20:39:33.652 INFO  com.example.demo.StringOperationUtils - final output: aa
2024-03-27 20:39:33.653 INFO  com.example.demo.StringOperationUtils - input string: aaa
2024-03-27 20:39:33.653 INFO  com.example.demo.StringOperationUtils - output1: aaa
2024-03-27 20:39:33.653 INFO  com.example.demo.StringOperationUtils - final output: 
2024-03-27 20:39:33.661 INFO  com.example.demo.StringOperationUtils - input string: abcccbad
2024-03-27 20:39:33.661 INFO  com.example.demo.StringOperationUtils - output1: abcccbad
2024-03-27 20:39:33.661 INFO  com.example.demo.StringOperationUtils - final output: abbad
2024-03-27 20:39:49.536 INFO  org.springframework.test.context.support.AnnotationConfigContextLoaderUtils - Could not detect default configuration classes for test class [com.example.demo.StringOperationUtilsTest]: StringOperationUtilsTest does not declare any static, non-private, non-final, nested classes annotated with @Configuration.
2024-03-27 20:39:49.599 INFO  org.springframework.boot.test.context.SpringBootTestContextBootstrapper - Found @SpringBootConfiguration com.example.demo.DemoForStringOperationUtilsApplication for test class com.example.demo.StringOperationUtilsTest
2024-03-27 20:39:49.887 INFO  com.example.demo.StringOperationUtilsTest - Starting StringOperationUtilsTest using Java 17.0.6 with PID 27691 (started by wangxiao in /Users/wangxiao/software/project/demo)
2024-03-27 20:39:49.888 INFO  com.example.demo.StringOperationUtilsTest - No active profile set, falling back to 1 default profile: "default"
2024-03-27 20:39:50.265 INFO  com.example.demo.StringOperationUtilsTest - Started StringOperationUtilsTest in 0.571 seconds (process running for 1.457)
2024-03-27 20:39:55.846 INFO  com.example.demo.StringOperationUtils - input string: abcccbad
2024-03-27 20:39:55.870 INFO  com.example.demo.StringOperationUtils - output1: abcccbad
2024-03-27 20:39:55.873 INFO  com.example.demo.StringOperationUtils - final output: abbad
2024-03-27 20:40:05.862 INFO  org.springframework.test.context.support.AnnotationConfigContextLoaderUtils - Could not detect default configuration classes for test class [com.example.demo.StringOperationUtilsTest]: StringOperationUtilsTest does not declare any static, non-private, non-final, nested classes annotated with @Configuration.
2024-03-27 20:40:05.924 INFO  org.springframework.boot.test.context.SpringBootTestContextBootstrapper - Found @SpringBootConfiguration com.example.demo.DemoForStringOperationUtilsApplication for test class com.example.demo.StringOperationUtilsTest
2024-03-27 20:40:06.173 INFO  com.example.demo.StringOperationUtilsTest - Starting StringOperationUtilsTest using Java 17.0.6 with PID 27711 (started by wangxiao in /Users/wangxiao/software/project/demo)
2024-03-27 20:40:06.174 INFO  com.example.demo.StringOperationUtilsTest - No active profile set, falling back to 1 default profile: "default"
2024-03-27 20:40:06.537 INFO  com.example.demo.StringOperationUtilsTest - Started StringOperationUtilsTest in 0.517 seconds (process running for 1.424)
2024-03-27 20:40:12.737 INFO  com.example.demo.StringOperationUtils - input string: abcccbad
2024-03-27 20:40:12.762 INFO  com.example.demo.StringOperationUtils - output1: abcccbad
2024-03-27 20:40:12.765 INFO  com.example.demo.StringOperationUtils - final output: abbad
2024-03-27 20:40:58.762 INFO  org.springframework.test.context.support.AnnotationConfigContextLoaderUtils - Could not detect default configuration classes for test class [com.example.demo.StringOperationUtilsTest]: StringOperationUtilsTest does not declare any static, non-private, non-final, nested classes annotated with @Configuration.
2024-03-27 20:40:58.823 INFO  org.springframework.boot.test.context.SpringBootTestContextBootstrapper - Found @SpringBootConfiguration com.example.demo.DemoForStringOperationUtilsApplication for test class com.example.demo.StringOperationUtilsTest
2024-03-27 20:40:59.064 INFO  com.example.demo.StringOperationUtilsTest - Starting StringOperationUtilsTest using Java 17.0.6 with PID 27805 (started by wangxiao in /Users/wangxiao/software/project/demo)
2024-03-27 20:40:59.065 INFO  com.example.demo.StringOperationUtilsTest - No active profile set, falling back to 1 default profile: "default"
2024-03-27 20:40:59.376 INFO  com.example.demo.StringOperationUtilsTest - Started StringOperationUtilsTest in 0.452 seconds (process running for 1.462)
2024-03-27 20:40:59.967 INFO  com.example.demo.StringOperationUtils - input string: aabcccbbad
2024-03-27 20:40:59.968 INFO  com.example.demo.StringOperationUtils - output1: aabcccbbad
2024-03-27 20:40:59.968 INFO  com.example.demo.StringOperationUtils - output2: aabcccbbad
2024-03-27 20:40:59.968 INFO  com.example.demo.StringOperationUtils - output3: aabcccbbad
2024-03-27 20:40:59.968 INFO  com.example.demo.StringOperationUtils - final output: d
2024-03-27 20:40:59.971 INFO  com.example.demo.StringOperationUtils - input string: 
2024-03-27 20:40:59.971 INFO  com.example.demo.StringOperationUtils - final output: 
2024-03-27 20:40:59.971 INFO  com.example.demo.StringOperationUtils - input string: aa
2024-03-27 20:40:59.971 INFO  com.example.demo.StringOperationUtils - final output: aa
2024-03-27 20:40:59.971 INFO  com.example.demo.StringOperationUtils - input string: aaa
2024-03-27 20:40:59.971 INFO  com.example.demo.StringOperationUtils - output1: aaa
2024-03-27 20:40:59.971 INFO  com.example.demo.StringOperationUtils - final output: 
2024-03-27 20:41:05.599 INFO  com.example.demo.StringOperationUtils - input string: abcccbad
2024-03-27 20:41:10.041 INFO  com.example.demo.StringOperationUtils - output1: abbbad
2024-03-27 20:41:10.044 INFO  com.example.demo.StringOperationUtils - output2: aaad
2024-03-27 20:41:10.044 INFO  com.example.demo.StringOperationUtils - output3: d
2024-03-27 20:41:10.044 INFO  com.example.demo.StringOperationUtils - final output: d
2024-03-27 20:41:10.044 INFO  com.example.demo.StringOperationUtils - input string: 
2024-03-27 20:41:10.044 INFO  com.example.demo.StringOperationUtils - final output: 
2024-03-27 20:41:10.044 INFO  com.example.demo.StringOperationUtils - input string: aa
2024-03-27 20:41:10.045 INFO  com.example.demo.StringOperationUtils - final output: aa
2024-03-27 20:41:10.045 INFO  com.example.demo.StringOperationUtils - input string: aaa
2024-03-27 20:41:10.045 INFO  com.example.demo.StringOperationUtils - output1: 
2024-03-27 20:41:10.045 INFO  com.example.demo.StringOperationUtils - final output: 
2024-03-27 20:42:08.828 INFO  org.springframework.test.context.support.AnnotationConfigContextLoaderUtils - Could not detect default configuration classes for test class [com.example.demo.StringOperationUtilsTest]: StringOperationUtilsTest does not declare any static, non-private, non-final, nested classes annotated with @Configuration.
2024-03-27 20:42:08.890 INFO  org.springframework.boot.test.context.SpringBootTestContextBootstrapper - Found @SpringBootConfiguration com.example.demo.DemoForStringOperationUtilsApplication for test class com.example.demo.StringOperationUtilsTest
2024-03-27 20:42:09.123 INFO  com.example.demo.StringOperationUtilsTest - Starting StringOperationUtilsTest using Java 17.0.6 with PID 27839 (started by wangxiao in /Users/wangxiao/software/project/demo)
2024-03-27 20:42:09.124 INFO  com.example.demo.StringOperationUtilsTest - No active profile set, falling back to 1 default profile: "default"
2024-03-27 20:42:09.442 INFO  com.example.demo.StringOperationUtilsTest - Started StringOperationUtilsTest in 0.458 seconds (process running for 1.308)
2024-03-27 20:42:09.972 INFO  com.example.demo.StringOperationUtils - input string: aabcccbbad
2024-03-27 20:42:09.973 INFO  com.example.demo.StringOperationUtils - output1: aabcccbbad
2024-03-27 20:42:09.973 INFO  com.example.demo.StringOperationUtils - output2: aabcccbbad
2024-03-27 20:42:09.973 INFO  com.example.demo.StringOperationUtils - output3: aabcccbbad
2024-03-27 20:42:09.973 INFO  com.example.demo.StringOperationUtils - final output: d
2024-03-27 20:42:09.975 INFO  com.example.demo.StringOperationUtils - input string: aabcccbbadeeefdh
2024-03-27 20:42:09.975 INFO  com.example.demo.StringOperationUtils - output1: aabcccbbadeeefdh
2024-03-27 20:42:09.975 INFO  com.example.demo.StringOperationUtils - output1: aabcccbbadeeefdh
2024-03-27 20:42:09.975 INFO  com.example.demo.StringOperationUtils - output2: aabcccbbadeeefdh
2024-03-27 20:42:09.975 INFO  com.example.demo.StringOperationUtils - output3: aabcccbbadeeefdh
2024-03-27 20:42:09.975 INFO  com.example.demo.StringOperationUtils - final output: dfdh
2024-03-27 20:43:37.723 INFO  org.springframework.test.context.support.AnnotationConfigContextLoaderUtils - Could not detect default configuration classes for test class [com.example.demo.StringOperationUtilsTest]: StringOperationUtilsTest does not declare any static, non-private, non-final, nested classes annotated with @Configuration.
2024-03-27 20:43:37.776 INFO  org.springframework.boot.test.context.SpringBootTestContextBootstrapper - Found @SpringBootConfiguration com.example.demo.DemoForStringOperationUtilsApplication for test class com.example.demo.StringOperationUtilsTest
2024-03-27 20:43:37.998 INFO  com.example.demo.StringOperationUtilsTest - Starting StringOperationUtilsTest using Java 17.0.6 with PID 27879 (started by wangxiao in /Users/wangxiao/software/project/demo)
2024-03-27 20:43:37.999 INFO  com.example.demo.StringOperationUtilsTest - No active profile set, falling back to 1 default profile: "default"
2024-03-27 20:43:38.517 INFO  com.example.demo.StringOperationUtilsTest - Started StringOperationUtilsTest in 0.628 seconds (process running for 1.363)
2024-03-27 20:43:39.177 INFO  com.example.demo.StringOperationUtils - input string: aabcccbbad
2024-03-27 20:43:39.179 INFO  com.example.demo.StringOperationUtils - output1: aabcccbbad
2024-03-27 20:43:39.179 INFO  com.example.demo.StringOperationUtils - output2: aabcccbbad
2024-03-27 20:43:39.179 INFO  com.example.demo.StringOperationUtils - output3: aabcccbbad
2024-03-27 20:43:39.179 INFO  com.example.demo.StringOperationUtils - final output: d
2024-03-27 20:43:39.181 INFO  com.example.demo.StringOperationUtils - input string: aabcccbbadeeefdh
2024-03-27 20:43:39.181 INFO  com.example.demo.StringOperationUtils - output1: aabcccbbadeeefdh
2024-03-27 20:43:39.181 INFO  com.example.demo.StringOperationUtils - output1: aabcccbbadeeefdh
2024-03-27 20:43:39.181 INFO  com.example.demo.StringOperationUtils - output2: aabcccbbadeeefdh
2024-03-27 20:43:39.181 INFO  com.example.demo.StringOperationUtils - output3: aabcccbbadeeefdh
2024-03-27 20:43:39.181 INFO  com.example.demo.StringOperationUtils - final output: dfdh
2024-03-27 20:43:39.181 INFO  com.example.demo.StringOperationUtils - input string: 
2024-03-27 20:43:39.181 INFO  com.example.demo.StringOperationUtils - final output: 
2024-03-27 20:43:39.181 INFO  com.example.demo.StringOperationUtils - input string: aa
2024-03-27 20:43:39.181 INFO  com.example.demo.StringOperationUtils - final output: aa
2024-03-27 20:43:39.181 INFO  com.example.demo.StringOperationUtils - input string: aaa
2024-03-27 20:43:39.181 INFO  com.example.demo.StringOperationUtils - output1: aaa
2024-03-27 20:43:39.181 INFO  com.example.demo.StringOperationUtils - final output: 
2024-03-27 20:43:39.193 INFO  com.example.demo.StringOperationUtils - input string: abcccbad
2024-03-27 20:43:39.193 INFO  com.example.demo.StringOperationUtils - output1: abbbad
2024-03-27 20:43:39.193 INFO  com.example.demo.StringOperationUtils - output2: aaad
2024-03-27 20:43:39.193 INFO  com.example.demo.StringOperationUtils - output3: d
2024-03-27 20:43:39.193 INFO  com.example.demo.StringOperationUtils - final output: d
2024-03-27 20:43:39.193 INFO  com.example.demo.StringOperationUtils - input string: abcccbaddeeeff
2024-03-27 20:43:39.193 INFO  com.example.demo.StringOperationUtils - output1: abbbaddeeeff
2024-03-27 20:43:39.193 INFO  com.example.demo.StringOperationUtils - output1: abbbadddff
2024-03-27 20:43:39.193 INFO  com.example.demo.StringOperationUtils - output2: aaadddff
2024-03-27 20:43:39.194 INFO  com.example.demo.StringOperationUtils - output2: aaacff
2024-03-27 20:43:39.194 INFO  com.example.demo.StringOperationUtils - output3: cff
2024-03-27 20:43:39.194 INFO  com.example.demo.StringOperationUtils - final output: cff
2024-03-27 20:44:57.644 INFO  com.example.demo.StringOperationUtils - input string: abcccbaddeeeff
2024-03-27 20:44:57.646 INFO  com.example.demo.StringOperationUtils - output1: abbbaddeeeff
2024-03-27 20:44:57.646 INFO  com.example.demo.StringOperationUtils - output1: abbbadddff
2024-03-27 20:44:57.646 INFO  com.example.demo.StringOperationUtils - output2: aaadddff
2024-03-27 20:44:57.646 INFO  com.example.demo.StringOperationUtils - output2: aaacff
2024-03-27 20:44:57.646 INFO  com.example.demo.StringOperationUtils - output3: cff
2024-03-27 20:44:57.646 INFO  com.example.demo.StringOperationUtils - final output: cff
2024-03-27 20:44:57.646 INFO  com.example.demo.StringOperationUtils - cff
2024-03-27 20:48:16.446 INFO  org.springframework.test.context.support.AnnotationConfigContextLoaderUtils - Could not detect default configuration classes for test class [com.example.demo.StringOperationUtilsTest]: StringOperationUtilsTest does not declare any static, non-private, non-final, nested classes annotated with @Configuration.
2024-03-27 20:48:16.504 INFO  org.springframework.boot.test.context.SpringBootTestContextBootstrapper - Found @SpringBootConfiguration com.example.demo.DemoForStringOperationUtilsApplication for test class com.example.demo.StringOperationUtilsTest
2024-03-27 20:48:16.715 INFO  com.example.demo.StringOperationUtilsTest - Starting StringOperationUtilsTest using Java 17.0.6 with PID 28068 (started by wangxiao in /Users/wangxiao/software/project/demo)
2024-03-27 20:48:16.716 INFO  com.example.demo.StringOperationUtilsTest - No active profile set, falling back to 1 default profile: "default"
2024-03-27 20:48:16.989 INFO  com.example.demo.StringOperationUtilsTest - Started StringOperationUtilsTest in 0.393 seconds (process running for 1.161)
2024-03-27 20:48:17.559 INFO  com.example.demo.StringOperationUtils - input string: aabcccbbad
2024-03-27 20:48:17.560 INFO  com.example.demo.StringOperationUtils - output1: aabcccbbad
2024-03-27 20:48:17.560 INFO  com.example.demo.StringOperationUtils - output2: aabcccbbad
2024-03-27 20:48:17.560 INFO  com.example.demo.StringOperationUtils - output3: aabcccbbad
2024-03-27 20:48:17.560 INFO  com.example.demo.StringOperationUtils - final output: d
2024-03-27 20:48:17.564 INFO  com.example.demo.StringOperationUtils - input string: aabcccbbadeeefdh
2024-03-27 20:48:17.564 INFO  com.example.demo.StringOperationUtils - output1: aabcccbbadeeefdh
2024-03-27 20:48:17.564 INFO  com.example.demo.StringOperationUtils - output1: aabcccbbadeeefdh
2024-03-27 20:48:17.565 INFO  com.example.demo.StringOperationUtils - output2: aabcccbbadeeefdh
2024-03-27 20:48:17.565 INFO  com.example.demo.StringOperationUtils - output3: aabcccbbadeeefdh
2024-03-27 20:48:17.565 INFO  com.example.demo.StringOperationUtils - final output: dfdh
2024-03-27 20:48:17.565 INFO  com.example.demo.StringOperationUtils - input string: 
2024-03-27 20:48:17.565 INFO  com.example.demo.StringOperationUtils - final output: 
2024-03-27 20:48:17.565 INFO  com.example.demo.StringOperationUtils - input string: aa
2024-03-27 20:48:17.565 INFO  com.example.demo.StringOperationUtils - final output: aa
2024-03-27 20:48:17.565 INFO  com.example.demo.StringOperationUtils - input string: aaa
2024-03-27 20:48:17.565 INFO  com.example.demo.StringOperationUtils - output1: aaa
2024-03-27 20:48:17.565 INFO  com.example.demo.StringOperationUtils - final output: 
2024-03-27 20:48:17.575 INFO  com.example.demo.StringOperationUtils - input string: abcccbad
2024-03-27 20:48:17.575 INFO  com.example.demo.StringOperationUtils - output1: abbbad
2024-03-27 20:48:17.575 INFO  com.example.demo.StringOperationUtils - output2: aaad
2024-03-27 20:48:17.575 INFO  com.example.demo.StringOperationUtils - output3: d
2024-03-27 20:48:17.575 INFO  com.example.demo.StringOperationUtils - final output: d
2024-03-27 20:48:17.575 INFO  com.example.demo.StringOperationUtils - input string: abcccbaddeeeff
2024-03-27 20:48:17.575 INFO  com.example.demo.StringOperationUtils - output1: abbbaddeeeff
2024-03-27 20:48:17.575 INFO  com.example.demo.StringOperationUtils - output1: abbbadddff
2024-03-27 20:48:17.575 INFO  com.example.demo.StringOperationUtils - output2: aaadddff
2024-03-27 20:48:17.575 INFO  com.example.demo.StringOperationUtils - output2: aaacff
2024-03-27 20:48:17.575 INFO  com.example.demo.StringOperationUtils - output3: cff
2024-03-27 20:48:17.575 INFO  com.example.demo.StringOperationUtils - final output: cff
2024-03-27 20:48:17.576 INFO  com.example.demo.StringOperationUtils - input string: 
2024-03-27 20:48:17.576 INFO  com.example.demo.StringOperationUtils - final output: 
2024-03-27 20:48:17.576 INFO  com.example.demo.StringOperationUtils - input string: aa
2024-03-27 20:48:17.576 INFO  com.example.demo.StringOperationUtils - final output: aa
2024-03-27 20:48:17.576 INFO  com.example.demo.StringOperationUtils - input string: aaa
2024-03-27 20:48:17.576 INFO  com.example.demo.StringOperationUtils - output1: 
2024-03-27 20:48:17.576 INFO  com.example.demo.StringOperationUtils - final output: 
2024-03-27 20:49:20.336 INFO  org.springframework.test.context.support.AnnotationConfigContextLoaderUtils - Could not detect default configuration classes for test class [com.example.demo.StringOperationUtilsTest]: StringOperationUtilsTest does not declare any static, non-private, non-final, nested classes annotated with @Configuration.
2024-03-27 20:49:20.400 INFO  org.springframework.boot.test.context.SpringBootTestContextBootstrapper - Found @SpringBootConfiguration com.example.demo.DemoForStringOperationUtilsApplication for test class com.example.demo.StringOperationUtilsTest
2024-03-27 20:49:20.608 INFO  com.example.demo.StringOperationUtilsTest - Starting StringOperationUtilsTest using Java 17.0.6 with PID 28119 (started by wangxiao in /Users/wangxiao/software/project/demo)
2024-03-27 20:49:20.608 INFO  com.example.demo.StringOperationUtilsTest - No active profile set, falling back to 1 default profile: "default"
2024-03-27 20:49:20.899 INFO  com.example.demo.StringOperationUtilsTest - Started StringOperationUtilsTest in 0.399 seconds (process running for 1.255)
2024-03-27 20:49:21.524 INFO  com.example.demo.StringOperationUtils - input string: aabcccbbad
2024-03-27 20:49:21.525 INFO  com.example.demo.StringOperationUtils - output1: aabcccbbad
2024-03-27 20:49:21.525 INFO  com.example.demo.StringOperationUtils - output2: aabcccbbad
2024-03-27 20:49:21.525 INFO  com.example.demo.StringOperationUtils - output3: aabcccbbad
2024-03-27 20:49:21.525 INFO  com.example.demo.StringOperationUtils - final output: d
2024-03-27 20:49:21.527 INFO  com.example.demo.StringOperationUtils - input string: aabcccbbadeeefdh
2024-03-27 20:49:21.528 INFO  com.example.demo.StringOperationUtils - output1: aabcccbbadeeefdh
2024-03-27 20:49:21.528 INFO  com.example.demo.StringOperationUtils - output1: aabcccbbadeeefdh
2024-03-27 20:49:21.528 INFO  com.example.demo.StringOperationUtils - output2: aabcccbbadeeefdh
2024-03-27 20:49:21.528 INFO  com.example.demo.StringOperationUtils - output3: aabcccbbadeeefdh
2024-03-27 20:49:21.528 INFO  com.example.demo.StringOperationUtils - final output: dfdh
2024-03-27 20:49:21.528 INFO  com.example.demo.StringOperationUtils - input string: 
2024-03-27 20:49:21.528 INFO  com.example.demo.StringOperationUtils - final output: 
2024-03-27 20:49:21.528 INFO  com.example.demo.StringOperationUtils - input string: aa
2024-03-27 20:49:21.528 INFO  com.example.demo.StringOperationUtils - final output: aa
2024-03-27 20:49:21.528 INFO  com.example.demo.StringOperationUtils - input string: aaa
2024-03-27 20:49:21.528 INFO  com.example.demo.StringOperationUtils - output1: aaa
2024-03-27 20:49:21.528 INFO  com.example.demo.StringOperationUtils - final output: 
2024-03-27 20:49:21.538 INFO  com.example.demo.StringOperationUtils - input string: abcccbad
2024-03-27 20:49:21.538 INFO  com.example.demo.StringOperationUtils - output1: abbbad
2024-03-27 20:49:21.538 INFO  com.example.demo.StringOperationUtils - output2: aaad
2024-03-27 20:49:21.538 INFO  com.example.demo.StringOperationUtils - output3: d
2024-03-27 20:49:21.538 INFO  com.example.demo.StringOperationUtils - final output: d
2024-03-27 20:49:21.538 INFO  com.example.demo.StringOperationUtils - input string: abcccbaddeeeff
2024-03-27 20:49:21.539 INFO  com.example.demo.StringOperationUtils - output1: abbbaddeeeff
2024-03-27 20:49:21.539 INFO  com.example.demo.StringOperationUtils - output1: abbbadddff
2024-03-27 20:49:21.539 INFO  com.example.demo.StringOperationUtils - output2: aaadddff
2024-03-27 20:49:21.539 INFO  com.example.demo.StringOperationUtils - output2: aaacff
2024-03-27 20:49:21.539 INFO  com.example.demo.StringOperationUtils - output3: cff
2024-03-27 20:49:21.539 INFO  com.example.demo.StringOperationUtils - final output: cff
2024-03-27 20:49:21.539 INFO  com.example.demo.StringOperationUtils - input string: 
2024-03-27 20:49:21.539 INFO  com.example.demo.StringOperationUtils - final output: 
2024-03-27 20:49:21.539 INFO  com.example.demo.StringOperationUtils - input string: aa
2024-03-27 20:49:21.539 INFO  com.example.demo.StringOperationUtils - final output: aa
2024-03-27 20:49:21.539 INFO  com.example.demo.StringOperationUtils - input string: aaa
2024-03-27 20:49:21.539 INFO  com.example.demo.StringOperationUtils - output1: 
2024-03-27 20:49:21.539 INFO  com.example.demo.StringOperationUtils - final output: 
2024-03-27 20:49:21.539 INFO  com.example.demo.StringOperationUtils - input string: bbb
2024-03-27 20:49:21.539 INFO  com.example.demo.StringOperationUtils - output1: a
2024-03-27 20:49:21.539 INFO  com.example.demo.StringOperationUtils - final output: a
